Сборка начата 01.01.2025 21:17:42.
Уровень детализации журнала: Normal.     1>Проект "D:\Курсовая\UVV-2024\UVV-2024\UVV-2024\UVV-2024.vcxproj" в узле 2 (целевые объекты Build).
     1>PrepareForBuild:
         Структурированный вывод включен. Форматирование диагностики компилятора будет отражать иерархию ошибок. Подробнее см. https://aka.ms/cpp/structured-output.
       InitializeBuildStatus:
         Создание "Debug\UVV-2024.tlog\unsuccessfulbuild", так как было задано "AlwaysCreate".
         Обращение к "Debug\UVV-2024.tlog\unsuccessfulbuild".
       ClCompile:
         C:\Program Files\Microsoft Visual Studio\2022\Community\VC\Tools\MSVC\14.38.33130\bin\HostX86\x86\CL.exe /c /ZI /JMC /nologo /W3 /WX- /diagnostics:column /sdl /Od /Oy- /D WIN32 /D _DEBUG /D _CONSOLE /D _UNICODE /D UNICODE /Gm- /EHsc /RTC1 /MDd /GS /fp:precise /Zc:wchar_t /Zc:forScope /Zc:inline /permissive- /Fo"Debug\\" /Fd"Debug\vc143.pdb" /external:W3 /Gd /TP /analyze- /FC /errorReport:prompt Generation.cpp Greibach.cpp IT.cpp LT.cpp LexAnalysis.cpp Log.cpp MFST.cpp Polish.cpp SemAnalysis.cpp "UVV-2024.cpp"
         Generation.cpp
         Greibach.cpp
         IT.cpp
         LT.cpp
         LexAnalysis.cpp
     1>D:\Курсовая\UVV-2024\UVV-2024\UVV-2024\LexAnalysis.cpp(14,21): warning C4018: <=: несоответствие типов со знаком и без знака
     1>D:\Курсовая\UVV-2024\UVV-2024\UVV-2024\LexAnalysis.cpp(20,21): warning C4018: <: несоответствие типов со знаком и без знака
     1>D:\Курсовая\UVV-2024\UVV-2024\UVV-2024\LexAnalysis.cpp(21,35): warning C4244: +=: преобразование "double" в "int", возможна потеря данных
     1>D:\Курсовая\UVV-2024\UVV-2024\UVV-2024\LexAnalysis.cpp(31,21): warning C4018: <=: несоответствие типов со знаком и без знака
     1>D:\Курсовая\UVV-2024\UVV-2024\UVV-2024\LexAnalysis.cpp(37,21): warning C4018: <: несоответствие типов со знаком и без знака
         Log.cpp
         MFST.cpp
     1>D:\Курсовая\UVV-2024\UVV-2024\UVV-2024\MFST.cpp(80,7): warning C4003: недостаточно аргументов для вызова макроса, подобного функции, "MFST_TRACE4"
     1>D:\Курсовая\UVV-2024\UVV-2024\UVV-2024\MFST.cpp(95,11): warning C4003: недостаточно аргументов для вызова макроса, подобного функции, "MFST_TRACE4"
     1>D:\Курсовая\UVV-2024\UVV-2024\UVV-2024\MFST.cpp(114,3): warning C4003: недостаточно аргументов для вызова макроса, подобного функции, "MFST_TRACE6"
     1>D:\Курсовая\UVV-2024\UVV-2024\UVV-2024\MFST.cpp(130,4): warning C4003: недостаточно аргументов для вызова макроса, подобного функции, "MFST_TRACE5"
     1>D:\Курсовая\UVV-2024\UVV-2024\UVV-2024\MFST.cpp(168,4): warning C4003: недостаточно аргументов для вызова макроса, подобного функции, "MFST_TRACE4"
     1>D:\Курсовая\UVV-2024\UVV-2024\UVV-2024\MFST.cpp(252,66): warning C4267: =: преобразование из "size_t" в "short"; возможна потеря данных
         Polish.cpp
         SemAnalysis.cpp
         UVV-2024.cpp
         Создание кода...
     1>D:\Курсовая\UVV-2024\UVV-2024\UVV-2024\Polish.cpp(165): warning C4715: Poliz::Poliz: значение возвращается не при всех путях выполнения
       Link:
         C:\Program Files\Microsoft Visual Studio\2022\Community\VC\Tools\MSVC\14.38.33130\bin\HostX86\x86\link.exe /ERRORREPORT:PROMPT /OUT:"D:\Курсовая\UVV-2024\UVV-2024\Debug\UVV-2024.exe" /INCREMENTAL /ILK:"Debug\UVV-2024.ilk" /NOLOGO kernel32.lib user32.lib gdi32.lib winspool.lib comdlg32.lib advapi32.lib shell32.lib ole32.lib oleaut32.lib uuid.lib odbc32.lib odbccp32.lib /MANIFEST /MANIFESTUAC:"level='asInvoker' uiAccess='false'" /manifest:embed /DEBUG /PDB:"D:\Курсовая\UVV-2024\UVV-2024\Debug\UVV-2024.pdb" /SUBSYSTEM:CONSOLE /TLBID:1 /DYNAMICBASE /NXCOMPAT /IMPLIB:"D:\Курсовая\UVV-2024\UVV-2024\Debug\UVV-2024.lib" /MACHINE:X86 Debug\Error.obj
         Debug\FST.obj
         Debug\Generation.obj
         Debug\Greibach.obj
         Debug\In.obj
         Debug\IT.obj
         Debug\LexAnalysis.obj
         Debug\Log.obj
         Debug\LT.obj
         Debug\MFST.obj
         Debug\Parm.obj
         Debug\Polish.obj
         Debug\SemAnalysis.obj
         "Debug\UVV-2024.obj"
         UVV-2024.vcxproj -> D:\Курсовая\UVV-2024\UVV-2024\Debug\UVV-2024.exe
       FinalizeBuildStatus:
         Файл "Debug\UVV-2024.tlog\unsuccessfulbuild" удаляется.
         Обращение к "Debug\UVV-2024.tlog\UVV-2024.lastbuildstate".
     1>Сборка проекта "D:\Курсовая\UVV-2024\UVV-2024\UVV-2024\UVV-2024.vcxproj" завершена (целевые объекты Build).

Сборка успешно завершена.

       "D:\Курсовая\UVV-2024\UVV-2024\UVV-2024\UVV-2024.vcxproj" (целевой объект Build ) (1) ->
       (Целевой объект ClCompile) -> 
         D:\Курсовая\UVV-2024\UVV-2024\UVV-2024\LexAnalysis.cpp(14,21): warning C4018: <=: несоответствие типов со знаком и без знака
         D:\Курсовая\UVV-2024\UVV-2024\UVV-2024\LexAnalysis.cpp(20,21): warning C4018: <: несоответствие типов со знаком и без знака
         D:\Курсовая\UVV-2024\UVV-2024\UVV-2024\LexAnalysis.cpp(21,35): warning C4244: +=: преобразование "double" в "int", возможна потеря данных
         D:\Курсовая\UVV-2024\UVV-2024\UVV-2024\LexAnalysis.cpp(31,21): warning C4018: <=: несоответствие типов со знаком и без знака
         D:\Курсовая\UVV-2024\UVV-2024\UVV-2024\LexAnalysis.cpp(37,21): warning C4018: <: несоответствие типов со знаком и без знака
         D:\Курсовая\UVV-2024\UVV-2024\UVV-2024\MFST.cpp(80,7): warning C4003: недостаточно аргументов для вызова макроса, подобного функции, "MFST_TRACE4"
         D:\Курсовая\UVV-2024\UVV-2024\UVV-2024\MFST.cpp(95,11): warning C4003: недостаточно аргументов для вызова макроса, подобного функции, "MFST_TRACE4"
         D:\Курсовая\UVV-2024\UVV-2024\UVV-2024\MFST.cpp(114,3): warning C4003: недостаточно аргументов для вызова макроса, подобного функции, "MFST_TRACE6"
         D:\Курсовая\UVV-2024\UVV-2024\UVV-2024\MFST.cpp(130,4): warning C4003: недостаточно аргументов для вызова макроса, подобного функции, "MFST_TRACE5"
         D:\Курсовая\UVV-2024\UVV-2024\UVV-2024\MFST.cpp(168,4): warning C4003: недостаточно аргументов для вызова макроса, подобного функции, "MFST_TRACE4"
         D:\Курсовая\UVV-2024\UVV-2024\UVV-2024\MFST.cpp(252,66): warning C4267: =: преобразование из "size_t" в "short"; возможна потеря данных
         D:\Курсовая\UVV-2024\UVV-2024\UVV-2024\Polish.cpp(165): warning C4715: Poliz::Poliz: значение возвращается не при всех путях выполнения

    Предупреждений: 12
    Ошибок: 0

Прошло времени 00:00:09.13
